<?xml version="1.0" encoding="UTF-8"?>
<testsuites>
  <testsuite name="" tests="38" assertions="97" errors="0" warnings="0" failures="0" skipped="0" time="0.128017">
    <testsuite name="Project Test Suite" tests="38" assertions="97" errors="0" warnings="0" failures="0" skipped="0" time="0.128017">
      <testsuite name="App\Card\CardGraphicTest" file="/home/marcus/dev/dbwebb-kurser/mvc/me/report/tests/Card/CardGraphicTest.php" tests="2" assertions="5" errors="0" warnings="0" failures="0" skipped="0" time="0.005914">
        <testcase name="testCreatedProperly" class="App\Card\CardGraphicTest" classname="App.Card.CardGraphicTest" file="/home/marcus/dev/dbwebb-kurser/mvc/me/report/tests/Card/CardGraphicTest.php" line="9" assertions="3" time="0.005519"/>
        <testcase name="testGetAsString" class="App\Card\CardGraphicTest" classname="App.Card.CardGraphicTest" file="/home/marcus/dev/dbwebb-kurser/mvc/me/report/tests/Card/CardGraphicTest.php" line="19" assertions="2" time="0.000395"/>
      </testsuite>
      <testsuite name="App\Card\CardHandTest" file="/home/marcus/dev/dbwebb-kurser/mvc/me/report/tests/Card/CardHandTest.php" tests="8" assertions="16" errors="0" warnings="0" failures="0" skipped="0" time="0.003794">
        <testcase name="testCardHandCreate" class="App\Card\CardHandTest" classname="App.Card.CardHandTest" file="/home/marcus/dev/dbwebb-kurser/mvc/me/report/tests/Card/CardHandTest.php" line="9" assertions="4" time="0.000959"/>
        <testcase name="testAddCardToHand" class="App\Card\CardHandTest" classname="App.Card.CardHandTest" file="/home/marcus/dev/dbwebb-kurser/mvc/me/report/tests/Card/CardHandTest.php" line="26" assertions="1" time="0.000392"/>
        <testcase name="testGetHand" class="App\Card\CardHandTest" classname="App.Card.CardHandTest" file="/home/marcus/dev/dbwebb-kurser/mvc/me/report/tests/Card/CardHandTest.php" line="40" assertions="1" time="0.000312"/>
        <testcase name="testSetHand" class="App\Card\CardHandTest" classname="App.Card.CardHandTest" file="/home/marcus/dev/dbwebb-kurser/mvc/me/report/tests/Card/CardHandTest.php" line="47" assertions="2" time="0.000333"/>
        <testcase name="testHasStoped" class="App\Card\CardHandTest" classname="App.Card.CardHandTest" file="/home/marcus/dev/dbwebb-kurser/mvc/me/report/tests/Card/CardHandTest.php" line="63" assertions="3" time="0.000975"/>
        <testcase name="testGetScore" class="App\Card\CardHandTest" classname="App.Card.CardHandTest" file="/home/marcus/dev/dbwebb-kurser/mvc/me/report/tests/Card/CardHandTest.php" line="73" assertions="2" time="0.000331"/>
        <testcase name="testCalculateScore" class="App\Card\CardHandTest" classname="App.Card.CardHandTest" file="/home/marcus/dev/dbwebb-kurser/mvc/me/report/tests/Card/CardHandTest.php" line="81" assertions="2" time="0.000256"/>
        <testcase name="testGetStop" class="App\Card\CardHandTest" classname="App.Card.CardHandTest" file="/home/marcus/dev/dbwebb-kurser/mvc/me/report/tests/Card/CardHandTest.php" line="95" assertions="1" time="0.000236"/>
      </testsuite>
      <testsuite name="App\Card\CardTest" file="/home/marcus/dev/dbwebb-kurser/mvc/me/report/tests/Card/CardTest.php" tests="2" assertions="4" errors="0" warnings="0" failures="0" skipped="0" time="0.000478">
        <testcase name="testGetType" class="App\Card\CardTest" classname="App.Card.CardTest" file="/home/marcus/dev/dbwebb-kurser/mvc/me/report/tests/Card/CardTest.php" line="16" assertions="2" time="0.000242"/>
        <testcase name="testGetValue" class="App\Card\CardTest" classname="App.Card.CardTest" file="/home/marcus/dev/dbwebb-kurser/mvc/me/report/tests/Card/CardTest.php" line="28" assertions="2" time="0.000236"/>
      </testsuite>
      <testsuite name="App\Card\DeckOfCardsTest" file="/home/marcus/dev/dbwebb-kurser/mvc/me/report/tests/Card/DeckOfCardsTest.php" tests="8" assertions="16" errors="0" warnings="0" failures="0" skipped="0" time="0.095686">
        <testcase name="testCreationOfDeck" class="App\Card\DeckOfCardsTest" classname="App.Card.DeckOfCardsTest" file="/home/marcus/dev/dbwebb-kurser/mvc/me/report/tests/Card/DeckOfCardsTest.php" line="12" assertions="2" time="0.001488"/>
        <testcase name="testDrawCards" class="App\Card\DeckOfCardsTest" classname="App.Card.DeckOfCardsTest" file="/home/marcus/dev/dbwebb-kurser/mvc/me/report/tests/Card/DeckOfCardsTest.php" line="21" assertions="3" time="0.001855"/>
        <testcase name="testGetDeckSize" class="App\Card\DeckOfCardsTest" classname="App.Card.DeckOfCardsTest" file="/home/marcus/dev/dbwebb-kurser/mvc/me/report/tests/Card/DeckOfCardsTest.php" line="33" assertions="2" time="0.000384"/>
        <testcase name="testGetDeck" class="App\Card\DeckOfCardsTest" classname="App.Card.DeckOfCardsTest" file="/home/marcus/dev/dbwebb-kurser/mvc/me/report/tests/Card/DeckOfCardsTest.php" line="44" assertions="1" time="0.000372"/>
        <testcase name="testSetDeck" class="App\Card\DeckOfCardsTest" classname="App.Card.DeckOfCardsTest" file="/home/marcus/dev/dbwebb-kurser/mvc/me/report/tests/Card/DeckOfCardsTest.php" line="51" assertions="2" time="0.005322"/>
        <testcase name="testShuffleDeck" class="App\Card\DeckOfCardsTest" classname="App.Card.DeckOfCardsTest" file="/home/marcus/dev/dbwebb-kurser/mvc/me/report/tests/Card/DeckOfCardsTest.php" line="67" assertions="2" time="0.085400"/>
        <testcase name="testSortingOnNumbers" class="App\Card\DeckOfCardsTest" classname="App.Card.DeckOfCardsTest" file="/home/marcus/dev/dbwebb-kurser/mvc/me/report/tests/Card/DeckOfCardsTest.php" line="80" assertions="2" time="0.000502"/>
        <testcase name="testSortingOnTypes" class="App\Card\DeckOfCardsTest" classname="App.Card.DeckOfCardsTest" file="/home/marcus/dev/dbwebb-kurser/mvc/me/report/tests/Card/DeckOfCardsTest.php" line="98" assertions="2" time="0.000362"/>
      </testsuite>
      <testsuite name="App\Dice\DiceGraphicsTest" file="/home/marcus/dev/dbwebb-kurser/mvc/me/report/tests/Dice/DiceGraphicsTest.php" tests="2" assertions="2" errors="0" warnings="0" failures="0" skipped="0" time="0.001094">
        <testcase name="testCreatedProperly" class="App\Dice\DiceGraphicsTest" classname="App.Dice.DiceGraphicsTest" file="/home/marcus/dev/dbwebb-kurser/mvc/me/report/tests/Dice/DiceGraphicsTest.php" line="9" assertions="1" time="0.000732"/>
        <testcase name="testGetAsString" class="App\Dice\DiceGraphicsTest" classname="App.Dice.DiceGraphicsTest" file="/home/marcus/dev/dbwebb-kurser/mvc/me/report/tests/Dice/DiceGraphicsTest.php" line="16" assertions="1" time="0.000362"/>
      </testsuite>
      <testsuite name="App\Dice\DiceHandTest" file="/home/marcus/dev/dbwebb-kurser/mvc/me/report/tests/Dice/DiceHandTest.php" tests="4" assertions="6" errors="0" warnings="0" failures="0" skipped="0" time="0.001939">
        <testcase name="testCreateDiceHand" class="App\Dice\DiceHandTest" classname="App.Dice.DiceHandTest" file="/home/marcus/dev/dbwebb-kurser/mvc/me/report/tests/Dice/DiceHandTest.php" line="16" assertions="1" time="0.000866"/>
        <testcase name="testAdd" class="App\Dice\DiceHandTest" classname="App.Dice.DiceHandTest" file="/home/marcus/dev/dbwebb-kurser/mvc/me/report/tests/Dice/DiceHandTest.php" line="25" assertions="2" time="0.000382"/>
        <testcase name="testRoll" class="App\Dice\DiceHandTest" classname="App.Dice.DiceHandTest" file="/home/marcus/dev/dbwebb-kurser/mvc/me/report/tests/Dice/DiceHandTest.php" line="39" assertions="2" time="0.000439"/>
        <testcase name="testGetString" class="App\Dice\DiceHandTest" classname="App.Dice.DiceHandTest" file="/home/marcus/dev/dbwebb-kurser/mvc/me/report/tests/Dice/DiceHandTest.php" line="55" assertions="1" time="0.000251"/>
      </testsuite>
      <testsuite name="App\Dice\DiceTest" file="/home/marcus/dev/dbwebb-kurser/mvc/me/report/tests/Dice/DiceTest.php" tests="2" assertions="6" errors="0" warnings="0" failures="0" skipped="0" time="0.002466">
        <testcase name="testCreateDice" class="App\Dice\DiceTest" classname="App.Dice.DiceTest" file="/home/marcus/dev/dbwebb-kurser/mvc/me/report/tests/Dice/DiceTest.php" line="16" assertions="2" time="0.000845"/>
        <testcase name="testRoll" class="App\Dice\DiceTest" classname="App.Dice.DiceTest" file="/home/marcus/dev/dbwebb-kurser/mvc/me/report/tests/Dice/DiceTest.php" line="30" assertions="4" time="0.001621"/>
      </testsuite>
      <testsuite name="App\Game\GameTest" file="/home/marcus/dev/dbwebb-kurser/mvc/me/report/tests/Game/GameTest.php" tests="10" assertions="42" errors="0" warnings="0" failures="0" skipped="0" time="0.016646">
        <testcase name="testCreatedProperly" class="App\Game\GameTest" classname="App.Game.GameTest" file="/home/marcus/dev/dbwebb-kurser/mvc/me/report/tests/Game/GameTest.php" line="45" assertions="1" time="0.001506"/>
        <testcase name="testRounds" class="App\Game\GameTest" classname="App.Game.GameTest" file="/home/marcus/dev/dbwebb-kurser/mvc/me/report/tests/Game/GameTest.php" line="58" assertions="9" time="0.001309"/>
        <testcase name="testNewMatch" class="App\Game\GameTest" classname="App.Game.GameTest" file="/home/marcus/dev/dbwebb-kurser/mvc/me/report/tests/Game/GameTest.php" line="114" assertions="4" time="0.000420"/>
        <testcase name="testDisplayResult" class="App\Game\GameTest" classname="App.Game.GameTest" file="/home/marcus/dev/dbwebb-kurser/mvc/me/report/tests/Game/GameTest.php" line="145" assertions="5" time="0.000937"/>
        <testcase name="testStand" class="App\Game\GameTest" classname="App.Game.GameTest" file="/home/marcus/dev/dbwebb-kurser/mvc/me/report/tests/Game/GameTest.php" line="200" assertions="1" time="0.000444"/>
        <testcase name="testGenerateDeck" class="App\Game\GameTest" classname="App.Game.GameTest" file="/home/marcus/dev/dbwebb-kurser/mvc/me/report/tests/Game/GameTest.php" line="214" assertions="2" time="0.003122"/>
        <testcase name="testGetData" class="App\Game\GameTest" classname="App.Game.GameTest" file="/home/marcus/dev/dbwebb-kurser/mvc/me/report/tests/Game/GameTest.php" line="232" assertions="6" time="0.001446"/>
        <testcase name="testDrawCard" class="App\Game\GameTest" classname="App.Game.GameTest" file="/home/marcus/dev/dbwebb-kurser/mvc/me/report/tests/Game/GameTest.php" line="254" assertions="2" time="0.000895"/>
        <testcase name="testSetDeck" class="App\Game\GameTest" classname="App.Game.GameTest" file="/home/marcus/dev/dbwebb-kurser/mvc/me/report/tests/Game/GameTest.php" line="273" assertions="6" time="0.005999"/>
        <testcase name="testSaveData" class="App\Game\GameTest" classname="App.Game.GameTest" file="/home/marcus/dev/dbwebb-kurser/mvc/me/report/tests/Game/GameTest.php" line="299" assertions="6" time="0.000568"/>
      </testsuite>
    </testsuite>
  </testsuite>
</testsuites>
